practice/DebugTest/app/debug/impl/build/outputs/logs/manifest-merger-debug-report.txt
-- Merging decision tree log ---
manifest
ADDED from src/main/AndroidManifest.xml:1:1-21:12
INJECTED from src/main/AndroidManifest.xml:1:1-21:12
INJECTED from src/main/AndroidManifest.xml:1:1-21:12
	package
		ADDED from src/main/AndroidManifest.xml:2:5-48
		INJECTED from src/main/AndroidManifest.xml
		INJECTED from src/main/AndroidManifest.xml
	xmlns:android
		ADDED from src/main/AndroidManifest.xml:1:11-69
application
ADDED from src/main/AndroidManifest.xml:3:5-20:19
activity#com.ss.android.application.app.debug.DebugActivity
ADDED from src/main/AndroidManifest.xml:4:9-9:55
	android:screenOrientation
		ADDED from src/main/AndroidManifest.xml:7:13-49
	android:windowSoftInputMode
		ADDED from src/main/AndroidManifest.xml:9:13-52
	android:configChanges
		ADDED from src/main/AndroidManifest.xml:5:13-59
	android:theme
		ADDED from src/main/AndroidManifest.xml:8:13-53
	android:name
		ADDED from src/main/AndroidManifest.xml:6:13-78
activity#com.ss.android.application.app.debug.debugmap.DebugMapActivity
ADDED from src/main/AndroidManifest.xml:11:9-15:52
	android:screenOrientation
		ADDED from src/main/AndroidManifest.xml:15:13-49
	android:configChanges
		ADDED from src/main/AndroidManifest.xml:13:13-59
	android:theme
		ADDED from src/main/AndroidManifest.xml:14:13-53
	android:name
		ADDED from src/main/AndroidManifest.xml:12:13-90
meta-data#com.google.android.geo.API_KEY
ADDED from src/main/AndroidManifest.xml:17:9-19:71
	android:value
		ADDED from src/main/AndroidManifest.xml:19:13-68
	android:name
		ADDED from src/main/AndroidManifest.xml:18:13-58
uses-sdk
INJECTED from src/main/AndroidManifest.xml reason: use-sdk injection requested
INJECTED from src/main/AndroidManifest.xml
INJECTED from src/main/AndroidManifest.xml
INJECTED from src/main/AndroidManifest.xml
INJECTED from src/main/AndroidManifest.xml
	android:targetSdkVersion
		INJECTED from src/main/AndroidManifest.xml
		ADDED from src/main/AndroidManifest.xml
		INJECTED from src/main/AndroidManifest.xml
	android:minSdkVersion
		INJECTED from src/main/AndroidManifest.xml
		ADDED from src/main/AndroidManifest.xml
		INJECTED from src/main/AndroidManifest.xml